{
  "RSpec": {
    "coverage": {
      "/Users/morgan/projects/cocktails/app/controllers/application_controller.rb": [
        1,
        1,
        1,
        1,
        null,
        1,
        1,
        0,
        null,
        null,
        null
      ],
      "/Users/morgan/projects/cocktails/app/controllers/cocktails_controller.rb": [
        1,
        1,
        8,
        5,
        null,
        3,
        null,
        null,
        null
      ],
      "/Users/morgan/projects/cocktails/app/controllers/ingredients_controller.rb": [
        1,
        1,
        3,
        null,
        null
      ],
      "/Users/morgan/projects/cocktails/app/controllers/static_pages_controller.rb": [
        1,
        1,
        null,
        null
      ],
      "/Users/morgan/projects/cocktails/app/controllers/templates_controller.rb": [
        1,
        1,
        0,
        null,
        null
      ],
      "/Users/morgan/projects/cocktails/app/helpers/application_helper.rb": [
        1,
        null
      ],
      "/Users/morgan/projects/cocktails/app/models/cocktail.rb": [
        1,
        1,
        null
      ],
      "/Users/morgan/projects/cocktails/app/models/ingredient.rb": [
        1,
        1,
        null
      ],
      "/Users/morgan/projects/cocktails/app/models/user.rb": [
        1,
        null,
        null,
        1,
        null,
        null
      ]
    },
    "timestamp": 1434650112
  }
}
